0 info it worked if it ends with ok
1 verbose cli [ '/usr/bin/node',
1 verbose cli   '/usr/bin/npm',
1 verbose cli   'install',
1 verbose cli   'meteor/mizzao:timesync' ]
2 info using npm@3.5.2
3 info using node@v8.10.0
4 silly loadCurrentTree Starting
5 silly install loadCurrentTree
6 silly install readLocalPackageData
7 silly fetchPackageMetaData meteor/mizzao:timesync
8 silly fetchOtherPackageData meteor/mizzao:timesync
9 silly cache add args [ 'meteor/mizzao:timesync', null ]
10 verbose cache add spec meteor/mizzao:timesync
11 silly cache add parsed spec Result {
11 silly cache add   raw: 'meteor/mizzao:timesync',
11 silly cache add   scope: null,
11 silly cache add   name: null,
11 silly cache add   rawSpec: 'meteor/mizzao:timesync',
11 silly cache add   spec: '/home/local/MPIB-BERLIN/brinkmann/repros/machine_culture/empirica/meteor/mizzao:timesync',
11 silly cache add   type: 'local' }
12 error addLocal Could not install /home/local/MPIB-BERLIN/brinkmann/repros/machine_culture/empirica/meteor/mizzao:timesync
13 silly fetchPackageMetaData Error: ENOENT: no such file or directory, open '/home/local/MPIB-BERLIN/brinkmann/repros/machine_culture/empirica/meteor/mizzao:timesync'
13 silly fetchPackageMetaData  error for meteor/mizzao:timesync { Error: ENOENT: no such file or directory, open '/home/local/MPIB-BERLIN/brinkmann/repros/machine_culture/empirica/meteor/mizzao:timesync'
13 silly fetchPackageMetaData   errno: -2,
13 silly fetchPackageMetaData   code: 'ENOENT',
13 silly fetchPackageMetaData   syscall: 'open',
13 silly fetchPackageMetaData   path: '/home/local/MPIB-BERLIN/brinkmann/repros/machine_culture/empirica/meteor/mizzao:timesync' }
14 silly rollbackFailedOptional Starting
15 silly rollbackFailedOptional Finishing
16 silly runTopLevelLifecycles Starting
17 silly runTopLevelLifecycles Finishing
18 silly install printInstalled
19 verbose stack Error: ENOENT: no such file or directory, open '/home/local/MPIB-BERLIN/brinkmann/repros/machine_culture/empirica/meteor/mizzao:timesync'
20 verbose cwd /home/local/MPIB-BERLIN/brinkmann/repros/machine_culture/empirica
21 error Linux 4.15.0-1065-oem
22 error argv "/usr/bin/node" "/usr/bin/npm" "install" "meteor/mizzao:timesync"
23 error node v8.10.0
24 error npm  v3.5.2
25 error path /home/local/MPIB-BERLIN/brinkmann/repros/machine_culture/empirica/meteor/mizzao:timesync
26 error code ENOENT
27 error errno -2
28 error syscall open
29 error enoent ENOENT: no such file or directory, open '/home/local/MPIB-BERLIN/brinkmann/repros/machine_culture/empirica/meteor/mizzao:timesync'
30 error enoent ENOENT: no such file or directory, open '/home/local/MPIB-BERLIN/brinkmann/repros/machine_culture/empirica/meteor/mizzao:timesync'
30 error enoent This is most likely not a problem with npm itself
30 error enoent and is related to npm not being able to find a file.
31 verbose exit [ -2, true ]
